0 info it worked if it ends with ok
1 verbose cli [ 'C:\\Program Files\\nodejs\\node.exe',
1 verbose cli   'C:\\Users\\Chanaka_Fernando\\AppData\\Roaming\\npm\\node_modules\\npm\\bin\\npm-cli.js',
1 verbose cli   'install' ]
2 info using npm@3.10.9
3 info using node@v6.9.2
4 silly loadCurrentTree Starting
5 silly install loadCurrentTree
6 silly install readLocalPackageData
7 silly install normalizeTree
8 silly loadCurrentTree Finishing
9 silly loadIdealTree Starting
10 silly install loadIdealTree
11 silly cloneCurrentTree Starting
12 silly install cloneCurrentTreeToIdealTree
13 silly cloneCurrentTree Finishing
14 silly loadShrinkwrap Starting
15 silly install loadShrinkwrap
16 silly loadShrinkwrap Finishing
17 silly loadAllDepsIntoIdealTree Starting
18 silly install loadAllDepsIntoIdealTree
19 silly fetchNamedPackageData bson
20 silly mapToRegistry name bson
21 silly mapToRegistry using default registry
22 silly mapToRegistry registry https://registry.npmjs.org/
23 silly mapToRegistry data Result {
23 silly mapToRegistry   raw: 'bson',
23 silly mapToRegistry   scope: null,
23 silly mapToRegistry   escapedName: 'bson',
23 silly mapToRegistry   name: 'bson',
23 silly mapToRegistry   rawSpec: '',
23 silly mapToRegistry   spec: 'latest',
23 silly mapToRegistry   type: 'tag' }
24 silly mapToRegistry uri https://registry.npmjs.org/bson
25 verbose request uri https://registry.npmjs.org/bson
26 verbose request no auth needed
27 info attempt registry request try #1 at 6:09:29 PM
28 verbose request id bdcf4cd08aff6503
29 verbose etag W/"58b3be16-1aef9"
30 verbose lastModified Mon, 27 Feb 2017 05:50:14 GMT
31 http request GET https://registry.npmjs.org/bson
32 info retry will retry, error on last attempt: Error: tunneling socket could not be established, cause=connect ETIMEDOUT 192.248.8.65:3128
33 info attempt registry request try #2 at 6:10:00 PM
34 verbose etag W/"58b3be16-1aef9"
35 verbose lastModified Mon, 27 Feb 2017 05:50:14 GMT
36 http request GET https://registry.npmjs.org/bson
37 info retry will retry, error on last attempt: Error: tunneling socket could not be established, cause=connect ETIMEDOUT 192.248.8.65:3128
38 verbose stack Error: kill ENOSYS
38 verbose stack     at exports._errnoException (util.js:1022:11)
38 verbose stack     at process.kill (internal/process.js:172:13)
38 verbose stack     at process.listener (C:\Users\Chanaka_Fernando\AppData\Roaming\npm\node_modules\npm\node_modules\npmlog\node_modules\gauge\node_modules\signal-exit\index.js:86:15)
38 verbose stack     at emitNone (events.js:91:20)
38 verbose stack     at process.emit (events.js:185:7)
38 verbose stack     at processEmit (C:\Users\Chanaka_Fernando\AppData\Roaming\npm\node_modules\npm\node_modules\npmlog\node_modules\gauge\node_modules\signal-exit\index.js:146:32)
38 verbose stack     at processEmit (C:\Users\Chanaka_Fernando\AppData\Roaming\npm\node_modules\npm\node_modules\npm-registry-client\node_modules\npmlog\node_modules\gauge\node_modules\signal-exit\index.js:146:32)
38 verbose stack     at Signal.wrap.onsignal (internal/process.js:199:44)
39 verbose cwd C:\Users\Chanaka_Fernando\Documents\Second_Year_Project\TravelStatusBackEnd
40 error Windows_NT 10.0.14393
41 error argv "C:\\Program Files\\nodejs\\node.exe" "C:\\Users\\Chanaka_Fernando\\AppData\\Roaming\\npm\\node_modules\\npm\\bin\\npm-cli.js" "install"
42 error node v6.9.2
43 error npm  v3.10.9
44 error code ENOSYS
45 error errno ENOSYS
46 error syscall kill
47 error kill ENOSYS
48 error If you need help, you may report this error at:
48 error     <https://github.com/npm/npm/issues>
49 verbose exit [ 1, true ]
